<?xml version="1.0" encoding="UTF-8"?>
<!-- Generated by org.testng.reporters.JUnitReportReporter -->
<testsuite hostname="DESKTOP-6KAM5Q7" failures="0" tests="1" name="blazedemotest.Blazedemoregistertest" time="22.250" errors="0" timestamp="2024-06-03T00:09:30 IST" skipped="0">
  <testcase classname="blazedemotest.Blazedemoregistertest" name="testRegister" time="22.250"/>
</testsuite> <!-- blazedemotest.Blazedemoregistertest -->
