<?xml version="1.0" encoding="UTF-8"?>
<!-- Generated by org.testng.reporters.JUnitReportReporter -->
<testsuite hostname="DESKTOP-6KAM5Q7" failures="0" tests="1" name="blazedemotest.Blazedemologintest" time="10.030" errors="0" timestamp="2024-06-12T16:37:59 IST" skipped="0">
  <testcase classname="blazedemotest.Blazedemologintest" name="testLogin" time="10.030"/>
</testsuite> <!-- blazedemotest.Blazedemologintest -->
